<?xml version="1.0" encoding="UTF-8"?>
<!-- Generated by org.testng.reporters.JUnitXMLReporter -->
<testsuite ignored="2" hostname="DESKTOP-NPOVF55" failures="0" tests="2" name="Test_chrome" time="43.701" errors="0" timestamp="2024-10-22T10:22:41 IST">
  <testcase classname="com.comcast.crm.documenttest.CreateDocumentWithPOMWithAnnotation" name="createDocument" time="12.368"/>
  <testcase classname="com.comcast.crm.opportunitytest.CreateOpportunityWithPOMWithAnnotation" name="createOpportunityTest" time="29.334"/>
  <testcase classname="com.comcast.crm.basetest.BaseClass" name="@BeforeSuite configBS" time="0.0">
    <ignored/>
  </testcase> <!-- @BeforeSuite configBS -->
  <testcase classname="com.comcast.crm.basetest.BaseClass" name="@AfterSuite configAS" time="0.0">
    <ignored/>
  </testcase> <!-- @AfterSuite configAS -->
</testsuite> <!-- Test_chrome -->
