<?xml version="1.0" encoding="UTF-8"?>
<!-- Generated by org.testng.reporters.JUnitXMLReporter -->
<testsuite ignored="2" hostname="DESKTOP-NPOVF55" failures="0" tests="2" name="Test_in_firefox" time="28.137" errors="0" timestamp="2024-10-24T12:22:43 IST">
  <testcase classname="com.comcast.crm.producttest.CreateProductWithPOMWithAnnotation_Assertion" name="createProductTest" time="6.38"/>
  <testcase classname="com.comcast.crm.opportunitytest.CreateOpportunityWithPOMWithAnnotation_Assertion" name="createOpportunityTest" time="12.972"/>
  <testcase classname="com.comcast.crm.basetest.BaseClass" name="@BeforeSuite configBS" time="0.0">
    <ignored/>
  </testcase> <!-- @BeforeSuite configBS -->
  <testcase classname="com.comcast.crm.basetest.BaseClass" name="@AfterSuite configAS" time="0.0">
    <ignored/>
  </testcase> <!-- @AfterSuite configAS -->
</testsuite> <!-- Test_in_firefox -->
