<?xml version="1.0" encoding="UTF-8"?>
<!-- Generated by org.testng.reporters.JUnitXMLReporter -->
<testsuite ignored="2" hostname="DESKTOP-NPOVF55" failures="0" tests="2" name="Test_TroubleTicket_Vendor" time="35.472" errors="0" timestamp="2024-10-24T11:24:32 IST">
  <testcase classname="com.comcast.crm.troubletickettest.CreateTroubleTicketWithPOMWithAnnotation_Assertion" name="createTroubleTicketTest" time="11.032"/>
  <testcase classname="com.comcast.crm.vendortest.CreateVendorWithPOMWithAnnotation_Assertion" name="createVendorTest" time="4.344"/>
  <testcase classname="com.comcast.crm.basetest.BaseClass" name="@BeforeSuite configBS" time="0.0">
    <ignored/>
  </testcase> <!-- @BeforeSuite configBS -->
  <testcase classname="com.comcast.crm.basetest.BaseClass" name="@AfterSuite configAS" time="0.0">
    <ignored/>
  </testcase> <!-- @AfterSuite configAS -->
</testsuite> <!-- Test_TroubleTicket_Vendor -->
