<?xml version="1.0" encoding="UTF-8"?>
<!-- Generated by org.testng.reporters.JUnitXMLReporter -->
<testsuite ignored="2" hostname="DESKTOP-NPOVF55" failures="0" tests="2" name="Test_firefox" time="66.564" errors="0" timestamp="2024-10-22T10:27:18 IST">
  <testcase classname="com.comcast.crm.producttest.CreateProductWithPOMWithAnnotation" name="createProductTest" time="10.865"/>
  <testcase classname="com.comcast.crm.troubletickettest.CreateTroubleTicketWithPOMWithAnnotation" name="createTroubleTicketTest" time="21.655"/>
  <testcase classname="com.comcast.crm.basetest.BaseClass" name="@BeforeSuite configBS" time="0.0">
    <ignored/>
  </testcase> <!-- @BeforeSuite configBS -->
  <testcase classname="com.comcast.crm.basetest.BaseClass" name="@AfterSuite configAS" time="0.0">
    <ignored/>
  </testcase> <!-- @AfterSuite configAS -->
</testsuite> <!-- Test_firefox -->
