<?xml version="1.0" encoding="UTF-8"?>
<!-- Generated by org.testng.reporters.JUnitXMLReporter -->
<testsuite ignored="2" hostname="DESKTOP-NPOVF55" failures="0" tests="2" name="Test_Document_Lead" time="30.818" errors="0" timestamp="2024-10-24T11:24:28 IST">
  <testcase classname="com.comcast.crm.documenttest.CreateDocumentWithPOMWithAnnotation_Assertion" name="createDocument" time="5.289"/>
  <testcase classname="com.comcast.crm.leadtest.CreateLeadWithPOMWithAnnotation_Assertion" name="createLead" time="5.839"/>
  <testcase classname="com.comcast.crm.basetest.BaseClass" name="@BeforeSuite configBS" time="0.0">
    <ignored/>
  </testcase> <!-- @BeforeSuite configBS -->
  <testcase classname="com.comcast.crm.basetest.BaseClass" name="@AfterSuite configAS" time="0.0">
    <ignored/>
  </testcase> <!-- @AfterSuite configAS -->
</testsuite> <!-- Test_Document_Lead -->
