<?xml version="1.0" encoding="UTF-8"?>
<!-- Generated by org.testng.reporters.JUnitXMLReporter -->
<testsuite ignored="2" hostname="DESKTOP-NPOVF55" failures="0" tests="2" name="Test_Opportunity_Product" time="34.534" errors="0" timestamp="2024-10-24T11:25:02 IST">
  <testcase classname="com.comcast.crm.opportunitytest.CreateOpportunityWithPOMWithAnnotation_Assertion" name="createOpportunityTest" time="11.504"/>
  <testcase classname="com.comcast.crm.producttest.CreateProductWithPOMWithAnnotation_Assertion" name="createProductTest" time="4.763"/>
  <testcase classname="com.comcast.crm.basetest.BaseClass" name="@BeforeSuite configBS" time="0.0">
    <ignored/>
  </testcase> <!-- @BeforeSuite configBS -->
  <testcase classname="com.comcast.crm.basetest.BaseClass" name="@AfterSuite configAS" time="0.0">
    <ignored/>
  </testcase> <!-- @AfterSuite configAS -->
</testsuite> <!-- Test_Opportunity_Product -->
